This is pdfTeX, Version 3.14159265-2.6-1.40.17 (TeX Live 2016) (preloaded format=pdflatex 2017.3.12)  27 SEP 2017 03:57
entering extended mode
 restricted \write18 enabled.
 file:line:error style messages enabled.
 %&-line parsing enabled.
**"OpenCV 2 Report.tex"
(./OpenCV 2 Report.tex
LaTeX2e <2016/03/31>
Babel <3.9r> and hyphenation patterns for 83 language(s) loaded.
(/usr/local/texlive/2016/texmf-dist/tex/latex/base/article.cls
Document Class: article 2014/09/29 v1.4h Standard LaTeX document class
(/usr/local/texlive/2016/texmf-dist/tex/latex/base/size10.clo
File: size10.clo 2014/09/29 v1.4h Standard LaTeX file (size option)
)
\c@part=\count79
\c@section=\count80
\c@subsection=\count81
\c@subsubsection=\count82
\c@paragraph=\count83
\c@subparagraph=\count84
\c@figure=\count85
\c@table=\count86
\abovecaptionskip=\skip41
\belowcaptionskip=\skip42
\bibindent=\dimen102
) (/usr/local/texlive/2016/texmf-dist/tex/latex/geometry/geometry.sty
Package: geometry 2010/09/12 v5.6 Page Geometry
 (/usr/local/texlive/2016/texmf-dist/tex/latex/graphics/keyval.sty
Package: keyval 2014/10/28 v1.15 key=value parser (DPC)
\KV@toks@=\toks14
) (/usr/local/texlive/2016/texmf-dist/tex/generic/oberdiek/ifpdf.sty
Package: ifpdf 2016/05/14 v3.1 Provides the ifpdf switch
) (/usr/local/texlive/2016/texmf-dist/tex/generic/oberdiek/ifvtex.sty
Package: ifvtex 2016/05/16 v1.6 Detect VTeX and its facilities (HO)
Package ifvtex Info: VTeX not detected.
) (/usr/local/texlive/2016/texmf-dist/tex/generic/ifxetex/ifxetex.sty
Package: ifxetex 2010/09/12 v0.6 Provides ifxetex conditional
)
\Gm@cnth=\count87
\Gm@cntv=\count88
\c@Gm@tempcnt=\count89
\Gm@bindingoffset=\dimen103
\Gm@wd@mp=\dimen104
\Gm@odd@mp=\dimen105
\Gm@even@mp=\dimen106
\Gm@layoutwidth=\dimen107
\Gm@layoutheight=\dimen108
\Gm@layouthoffset=\dimen109
\Gm@layoutvoffset=\dimen110
\Gm@dimlist=\toks15
) (/usr/local/texlive/2016/texmf-dist/tex/latex/tools/verbatim.sty
Package: verbatim 2014/10/28 v1.5q LaTeX2e package for verbatim enhancements
\every@verbatim=\toks16
\verbatim@line=\toks17
\verbatim@in@stream=\read1
) (/usr/local/texlive/2016/texmf-dist/tex/latex/graphics/graphicx.sty
Package: graphicx 2014/10/28 v1.0g Enhanced LaTeX Graphics (DPC,SPQR)
 (/usr/local/texlive/2016/texmf-dist/tex/latex/graphics/graphics.sty
Package: graphics 2016/05/09 v1.0r Standard LaTeX Graphics (DPC,SPQR)
 (/usr/local/texlive/2016/texmf-dist/tex/latex/graphics/trig.sty
Package: trig 2016/01/03 v1.10 sin cos tan (DPC)
) (/usr/local/texlive/2016/texmf-dist/tex/latex/graphics-cfg/graphics.cfg
File: graphics.cfg 2016/01/02 v1.10 sample graphics configuration
)
Package graphics Info: Driver file: pdftex.def on input line 96.
 (/usr/local/texlive/2016/texmf-dist/tex/latex/pdftex-def/pdftex.def
File: pdftex.def 2011/05/27 v0.06d Graphics/color for pdfTeX
 (/usr/local/texlive/2016/texmf-dist/tex/generic/oberdiek/infwarerr.sty
Package: infwarerr 2016/05/16 v1.4 Providing info/warning/error messages (HO)
) (/usr/local/texlive/2016/texmf-dist/tex/generic/oberdiek/ltxcmds.sty
Package: ltxcmds 2016/05/16 v1.23 LaTeX kernel commands for general use (HO)
)
\Gread@gobject=\count90
))
\Gin@req@height=\dimen111
\Gin@req@width=\dimen112
) (/usr/local/texlive/2016/texmf-dist/tex/latex/pdfpages/pdfpages.sty
Package: pdfpages 2016/04/19 v0.5f Insert pages of external PDF documents (AM)
 (/usr/local/texlive/2016/texmf-dist/tex/latex/base/ifthen.sty
Package: ifthen 2014/09/29 v1.1c Standard LaTeX ifthen package (DPC)
) (/usr/local/texlive/2016/texmf-dist/tex/latex/tools/calc.sty
Package: calc 2014/10/28 v4.3 Infix arithmetic (KKT,FJ)
\calc@Acount=\count91
\calc@Bcount=\count92
\calc@Adimen=\dimen113
\calc@Bdimen=\dimen114
\calc@Askip=\skip43
\calc@Bskip=\skip44
LaTeX Info: Redefining \setlength on input line 80.
LaTeX Info: Redefining \addtolength on input line 81.
\calc@Ccount=\count93
\calc@Cskip=\skip45
) (/usr/local/texlive/2016/texmf-dist/tex/latex/eso-pic/eso-pic.sty
Package: eso-pic 2015/07/21 v2.0g eso-pic (RN)
 (/usr/local/texlive/2016/texmf-dist/tex/generic/oberdiek/atbegshi.sty
Package: atbegshi 2016/05/16 v1.17 At begin shipout hook (HO)
) (/usr/local/texlive/2016/texmf-dist/tex/latex/xcolor/xcolor.sty
Package: xcolor 2016/05/11 v2.12 LaTeX color extensions (UK)
 (/usr/local/texlive/2016/texmf-dist/tex/latex/graphics-cfg/color.cfg
File: color.cfg 2016/01/02 v1.6 sample color configuration
)
Package xcolor Info: Driver file: pdftex.def on input line 225.
Package xcolor Info: Model `cmy' substituted by `cmy0' on input line 1348.
Package xcolor Info: Model `hsb' substituted by `rgb' on input line 1352.
Package xcolor Info: Model `RGB' extended on input line 1364.
Package xcolor Info: Model `HTML' substituted by `rgb' on input line 1366.
Package xcolor Info: Model `Hsb' substituted by `hsb' on input line 1367.
Package xcolor Info: Model `tHsb' substituted by `hsb' on input line 1368.
Package xcolor Info: Model `HSB' substituted by `hsb' on input line 1369.
Package xcolor Info: Model `Gray' substituted by `gray' on input line 1370.
Package xcolor Info: Model `wave' substituted by `hsb' on input line 1371.
))
\AM@pagewidth=\dimen115
\AM@pageheight=\dimen116
 (/usr/local/texlive/2016/texmf-dist/tex/latex/pdfpages/pppdftex.def
File: pppdftex.def 2016/04/19 v0.5f Pdfpages driver for pdfTeX (AM)
)
\AM@pagebox=\box26
\AM@global@opts=\toks18
\AM@toc@title=\toks19
\c@AM@survey=\count94
\AM@templatesizebox=\box27
) (/usr/local/texlive/2016/texmf-dist/tex/latex/cite/cite.sty
LaTeX Info: Redefining \cite on input line 302.
LaTeX Info: Redefining \nocite on input line 332.
Package: cite 2015/02/27  v 5.5
) (/usr/local/texlive/2016/texmf-dist/tex/latex/listings/listings.sty
\lst@mode=\count95
\lst@gtempboxa=\box28
\lst@token=\toks20
\lst@length=\count96
\lst@currlwidth=\dimen117
\lst@column=\count97
\lst@pos=\count98
\lst@lostspace=\dimen118
\lst@width=\dimen119
\lst@newlines=\count99
\lst@lineno=\count100
\lst@maxwidth=\dimen120
 (/usr/local/texlive/2016/texmf-dist/tex/latex/listings/lstmisc.sty
File: lstmisc.sty 2015/06/04 1.6 (Carsten Heinz)
\c@lstnumber=\count101
\lst@skipnumbers=\count102
\lst@framebox=\box29
) (/usr/local/texlive/2016/texmf-dist/tex/latex/listings/listings.cfg
File: listings.cfg 2015/06/04 1.6 listings configuration
))
Package: listings 2015/06/04 1.6 (Carsten Heinz)
 (/usr/local/texlive/2016/texmf-dist/tex/latex/float/float.sty
Package: float 2001/11/08 v1.3d Float enhancements (AL)
\c@float@type=\count103
\float@exts=\toks21
\float@box=\box30
\@float@everytoks=\toks22
\@floatcapt=\box31
) (/Users/FLCL/Documents/University 2017/Robotics-and-Automation/OpenCV/Assignment 2/Latex/.texpadtmp/OpenCV 2 Report.aux)
\openout1 = `"OpenCV 2 Report.aux"'.

LaTeX Font Info:    Checking defaults for OML/cmm/m/it on input line 28.
LaTeX Font Info:    ... okay on input line 28.
LaTeX Font Info:    Checking defaults for T1/cmr/m/n on input line 28.
LaTeX Font Info:    ... okay on input line 28.
LaTeX Font Info:    Checking defaults for OT1/cmr/m/n on input line 28.
LaTeX Font Info:    ... okay on input line 28.
LaTeX Font Info:    Checking defaults for OMS/cmsy/m/n on input line 28.
LaTeX Font Info:    ... okay on input line 28.
LaTeX Font Info:    Checking defaults for OMX/cmex/m/n on input line 28.
LaTeX Font Info:    ... okay on input line 28.
LaTeX Font Info:    Checking defaults for U/cmr/m/n on input line 28.
LaTeX Font Info:    ... okay on input line 28.

*geometry* driver: auto-detecting
*geometry* detected driver: pdftex
*geometry* verbose mode - [ preamble ] result:
* driver: pdftex
* paper: a4paper
* layout: <same size as paper>
* layoutoffset:(h,v)=(0.0pt,0.0pt)
* modes: 
* h-part:(L,W,R)=(72.26999pt, 452.9679pt, 72.26999pt)
* v-part:(T,H,B)=(72.26999pt, 700.50687pt, 72.26999pt)
* \paperwidth=597.50787pt
* \paperheight=845.04684pt
* \textwidth=452.9679pt
* \textheight=700.50687pt
* \oddsidemargin=0.0pt
* \evensidemargin=0.0pt
* \topmargin=-37.0pt
* \headheight=12.0pt
* \headsep=25.0pt
* \topskip=10.0pt
* \footskip=30.0pt
* \marginparwidth=57.0pt
* \marginparsep=11.0pt
* \columnsep=10.0pt
* \skip\footins=9.0pt plus 4.0pt minus 2.0pt
* \hoffset=0.0pt
* \voffset=0.0pt
* \mag=1000
* \@twocolumnfalse
* \@twosidefalse
* \@mparswitchfalse
* \@reversemarginfalse
* (1in=72.27pt=25.4mm, 1cm=28.453pt)

(/usr/local/texlive/2016/texmf-dist/tex/context/base/mkii/supp-pdf.mkii
[Loading MPS to PDF converter (version 2006.09.02).]
\scratchcounter=\count104
\scratchdimen=\dimen121
\scratchbox=\box32
\nofMPsegments=\count105
\nofMParguments=\count106
\everyMPshowfont=\toks23
\MPscratchCnt=\count107
\MPscratchDim=\dimen122
\MPnumerator=\count108
\makeMPintoPDFobject=\count109
\everyMPtoPDFconversion=\toks24
) (/usr/local/texlive/2016/texmf-dist/tex/generic/oberdiek/pdftexcmds.sty
Package: pdftexcmds 2016/05/10 v0.21 Utility functions of pdfTeX for LuaTeX (HO)
 (/usr/local/texlive/2016/texmf-dist/tex/generic/oberdiek/ifluatex.sty
Package: ifluatex 2016/05/16 v1.4 Provides the ifluatex switch (HO)
Package ifluatex Info: LuaTeX not detected.
)
Package pdftexcmds Info: LuaTeX not detected.
Package pdftexcmds Info: \pdf@primitive is available.
Package pdftexcmds Info: \pdf@ifprimitive is available.
Package pdftexcmds Info: \pdfdraftmode found.
) (/usr/local/texlive/2016/texmf-dist/tex/latex/oberdiek/epstopdf-base.sty
Package: epstopdf-base 2016/05/15 v2.6 Base part for package epstopdf
 (/usr/local/texlive/2016/texmf-dist/tex/latex/oberdiek/grfext.sty
Package: grfext 2016/05/16 v1.2 Manage graphics extensions (HO)
 (/usr/local/texlive/2016/texmf-dist/tex/generic/oberdiek/kvdefinekeys.sty
Package: kvdefinekeys 2016/05/16 v1.4 Define keys (HO)
)) (/usr/local/texlive/2016/texmf-dist/tex/latex/oberdiek/kvoptions.sty
Package: kvoptions 2016/05/16 v3.12 Key value format for package options (HO)
 (/usr/local/texlive/2016/texmf-dist/tex/generic/oberdiek/kvsetkeys.sty
Package: kvsetkeys 2016/05/16 v1.17 Key value parser (HO)
 (/usr/local/texlive/2016/texmf-dist/tex/generic/oberdiek/etexcmds.sty
Package: etexcmds 2016/05/16 v1.6 Avoid name clashes with e-TeX commands (HO)
Package etexcmds Info: Could not find \expanded.
(etexcmds)             That can mean that you are not using pdfTeX 1.50 or
(etexcmds)             that some package has redefined \expanded.
(etexcmds)             In the latter case, load this package earlier.
)))
Package grfext Info: Graphics extension search list:
(grfext)             [.png,.pdf,.jpg,.mps,.jpeg,.jbig2,.jb2,.PNG,.PDF,.JPG,.JPEG,.JBIG2,.JB2,.eps]
(grfext)             \AppendGraphicsExtensions on input line 456.
 (/usr/local/texlive/2016/texmf-dist/tex/latex/latexconfig/epstopdf-sys.cfg
File: epstopdf-sys.cfg 2010/07/13 v1.3 Configuration of (r)epstopdf for TeX Live
))
\AtBeginShipoutBox=\box33
 (/usr/local/texlive/2016/texmf-dist/tex/latex/oberdiek/pdflscape.sty
Package: pdflscape 2016/05/14 v0.11 Display of landscape pages in PDF (HO)
 (/usr/local/texlive/2016/texmf-dist/tex/latex/graphics/lscape.sty
Package: lscape 2000/10/22 v3.01 Landscape Pages (DPC)
)
Package pdflscape Info: Auto-detected driver: pdftex on input line 81.
)
\c@lstlisting=\count110
LaTeX Font Info:    External font `cmex10' loaded for size
(Font)              <12> on input line 30.
LaTeX Font Info:    External font `cmex10' loaded for size
(Font)              <8> on input line 30.
LaTeX Font Info:    External font `cmex10' loaded for size
(Font)              <6> on input line 30.
LaTeX Font Info:    Try loading font information for OMS+cmr on input line 30.
 (/usr/local/texlive/2016/texmf-dist/tex/latex/base/omscmr.fd
File: omscmr.fd 2014/09/29 v2.5h Standard LaTeX font definitions
)
LaTeX Font Info:    Font shape `OMS/cmr/m/n' in size <8> not available
(Font)              Font shape `OMS/cmsy/m/n' tried instead on input line 30.
LaTeX Font Info:    External font `cmex10' loaded for size
(Font)              <5> on input line 30.
LaTeX Font Info:    Font shape `OMS/cmr/m/n' in size <6> not available
(Font)              Font shape `OMS/cmsy/m/n' tried instead on input line 30.
 <images/opencv.jpg, id=1, 597.432pt x 178.0251pt>
File: images/opencv.jpg Graphic file (type jpg)
 <use images/opencv.jpg>
Package pdftex.def Info: images/opencv.jpg used on input line 33.
(pdftex.def)             Requested size: 452.9679pt x 134.97992pt.
 [1

{/usr/local/texlive/2016/texmf-var/fonts/map/pdftex/updmap/pdftex.map} <./images/opencv.jpg>] (/Users/FLCL/Documents/University 2017/Robotics-and-Automation/OpenCV/Assignment 2/Latex/.texpadtmp/OpenCV 2 Report.toc
LaTeX Font Info:    External font `cmex10' loaded for size
(Font)              <7> on input line 3.
)
\tf@toc=\write3
\openout3 = `"OpenCV 2 Report.toc"'.

 [2

] <images/1.jpg, id=20, 1541.76pt x 867.24pt>
File: images/1.jpg Graphic file (type jpg)
 <use images/1.jpg>
Package pdftex.def Info: images/1.jpg used on input line 78.
(pdftex.def)             Requested size: 452.9679pt x 254.78818pt.
 [1

 <./images/1.jpg>] (/usr/local/texlive/2016/texmf-dist/tex/latex/listings/lstlang1.sty
File: lstlang1.sty 2015/06/04 1.6 listings language file
) (/usr/local/texlive/2016/texmf-dist/tex/latex/listings/lstlang1.sty
File: lstlang1.sty 2015/06/04 1.6 listings language file
) (/usr/local/texlive/2016/texmf-dist/tex/latex/listings/lstmisc.sty
File: lstmisc.sty 2015/06/04 1.6 (Carsten Heinz)
)
LaTeX Font Info:    Font shape `OMS/cmr/m/n' in size <10> not available
(Font)              Font shape `OMS/cmsy/m/n' tried instead on input line 88.
LaTeX Font Info:    Try loading font information for OML+cmr on input line 89.
 (/usr/local/texlive/2016/texmf-dist/tex/latex/base/omlcmr.fd
File: omlcmr.fd 2014/09/29 v2.5h Standard LaTeX font definitions
)
LaTeX Font Info:    Font shape `OML/cmr/m/n' in size <10> not available
(Font)              Font shape `OML/cmm/m/it' tried instead on input line 89.

Overfull \hbox (23.03674pt too wide) in paragraph at lines 89--90
[][] 
 []

[2

] <images/HSV.jpg, id=30, 770.88pt x 433.62pt>
File: images/HSV.jpg Graphic file (type jpg)
 <use images/HSV.jpg>
Package pdftex.def Info: images/HSV.jpg used on input line 158.
(pdftex.def)             Requested size: 452.9679pt x 254.79478pt.
 [3

 <./images/HSV.jpg>] <images/Thresholding.jpg, id=34, 770.88pt x 433.62pt>
File: images/Thresholding.jpg Graphic file (type jpg)
 <use images/Thresholding.jpg>
Package pdftex.def Info: images/Thresholding.jpg used on input line 198.
(pdftex.def)             Requested size: 452.9679pt x 254.79478pt.
 [4] <images/Dilation.jpg, id=38, 770.88pt x 433.62pt>
File: images/Dilation.jpg Graphic file (type jpg)
 <use images/Dilation.jpg>
Package pdftex.def Info: images/Dilation.jpg used on input line 226.
(pdftex.def)             Requested size: 452.9679pt x 254.79478pt.
 [5 <./images/Thresholding.jpg>] <images/Erosion.jpg, id=43, 770.88pt x 433.62pt>
File: images/Erosion.jpg Graphic file (type jpg)
 <use images/Erosion.jpg>
Package pdftex.def Info: images/Erosion.jpg used on input line 232.
(pdftex.def)             Requested size: 452.9679pt x 254.79478pt.
 [6 <./images/Dilation.jpg> <./images/Erosion.jpg>] <images/Blur.jpg, id=47, 770.88pt x 433.62pt>
File: images/Blur.jpg Graphic file (type jpg)
 <use images/Blur.jpg>
Package pdftex.def Info: images/Blur.jpg used on input line 256.
(pdftex.def)             Requested size: 452.9679pt x 254.79478pt.
 [7

 <./images/Blur.jpg>] [8

] [9

]
Overfull \hbox (23.03674pt too wide) in paragraph at lines 352--353
[][] 
 []

<images/Final.jpg, id=57, 770.88pt x 433.62pt>
File: images/Final.jpg Graphic file (type jpg)
 <use images/Final.jpg>
Package pdftex.def Info: images/Final.jpg used on input line 363.
(pdftex.def)             Requested size: 452.9679pt x 254.79478pt.
 [10

 <./images/Final.jpg>] (/Users/FLCL/Documents/University 2017/Robotics-and-Automation/OpenCV/Assignment 2/Latex/.texpadtmp/OpenCV 2 Report.bbl) [11

]
./OpenCV 2 Report.tex:421: You can't use `macro parameter character #' in vertical mode.
l.421 #
       include <opencv2\opencv.hpp>
Sorry, but I'm not programmed to handle this case;
I'll just pretend that you didn't ask for it.
If you're in the wrong mode, you might be able to
return to the right one by typing `I}' or `I$' or `I\par'.

./OpenCV 2 Report.tex:421: Undefined control sequence.
l.421 #include <opencv2\opencv
                              .hpp>
The control sequence at the end of the top line
of your error message was never \def'ed. If you have
misspelled it (e.g., `\hobx'), type `I' and the correct
spelling (e.g., `I\hbox'). Otherwise just continue,
and I'll forget about whatever was undefined.

./OpenCV 2 Report.tex:422: You can't use `macro parameter character #' in horizontal mode.
l.422 #
       include <opencv2\core.hpp>
Sorry, but I'm not programmed to handle this case;
I'll just pretend that you didn't ask for it.
If you're in the wrong mode, you might be able to
return to the right one by typing `I}' or `I$' or `I\par'.

./OpenCV 2 Report.tex:422: Undefined control sequence.
l.422 #include <opencv2\core
                            .hpp>
The control sequence at the end of the top line
of your error message was never \def'ed. If you have
misspelled it (e.g., `\hobx'), type `I' and the correct
spelling (e.g., `I\hbox'). Otherwise just continue,
and I'll forget about whatever was undefined.

./OpenCV 2 Report.tex:423: You can't use `macro parameter character #' in horizontal mode.
l.423 #
       include <opencv2\imgcodecs.hpp>
Sorry, but I'm not programmed to handle this case;
I'll just pretend that you didn't ask for it.
If you're in the wrong mode, you might be able to
return to the right one by typing `I}' or `I$' or `I\par'.

./OpenCV 2 Report.tex:423: Undefined control sequence.
l.423 #include <opencv2\imgcodecs
                                 .hpp>
The control sequence at the end of the top line
of your error message was never \def'ed. If you have
misspelled it (e.g., `\hobx'), type `I' and the correct
spelling (e.g., `I\hbox'). Otherwise just continue,
and I'll forget about whatever was undefined.

./OpenCV 2 Report.tex:424: You can't use `macro parameter character #' in horizontal mode.
l.424 #
       include <opencv2\highgui.hpp>
Sorry, but I'm not programmed to handle this case;
I'll just pretend that you didn't ask for it.
If you're in the wrong mode, you might be able to
return to the right one by typing `I}' or `I$' or `I\par'.

./OpenCV 2 Report.tex:424: Undefined control sequence.
l.424 #include <opencv2\highgui
                               .hpp>
The control sequence at the end of the top line
of your error message was never \def'ed. If you have
misspelled it (e.g., `\hobx'), type `I' and the correct
spelling (e.g., `I\hbox'). Otherwise just continue,
and I'll forget about whatever was undefined.

./OpenCV 2 Report.tex:425: You can't use `macro parameter character #' in horizontal mode.
l.425 #
       include <iostream>
Sorry, but I'm not programmed to handle this case;
I'll just pretend that you didn't ask for it.
If you're in the wrong mode, you might be able to
return to the right one by typing `I}' or `I$' or `I\par'.

./OpenCV 2 Report.tex:426: You can't use `macro parameter character #' in horizontal mode.
l.426 #
       include <string>
Sorry, but I'm not programmed to handle this case;
I'll just pretend that you didn't ask for it.
If you're in the wrong mode, you might be able to
return to the right one by typing `I}' or `I$' or `I\par'.

./OpenCV 2 Report.tex:427: You can't use `macro parameter character #' in horizontal mode.
l.427 #
       include <stdio.h>
Sorry, but I'm not programmed to handle this case;
I'll just pretend that you didn't ask for it.
If you're in the wrong mode, you might be able to
return to the right one by typing `I}' or `I$' or `I\par'.

./OpenCV 2 Report.tex:428: You can't use `macro parameter character #' in horizontal mode.
l.428 #
       include <stdlib.h>
Sorry, but I'm not programmed to handle this case;
I'll just pretend that you didn't ask for it.
If you're in the wrong mode, you might be able to
return to the right one by typing `I}' or `I$' or `I\par'.

./OpenCV 2 Report.tex:429: You can't use `macro parameter character #' in horizontal mode.
l.429 #
       include <sstream>
Sorry, but I'm not programmed to handle this case;
I'll just pretend that you didn't ask for it.
If you're in the wrong mode, you might be able to
return to the right one by typing `I}' or `I$' or `I\par'.

./OpenCV 2 Report.tex:440: Undefined control sequence.
l.440 ...ocate the tennis ball: 1, 2, 3, 4, 5...\n
                                                  \npress esc to quit\n\n---...
The control sequence at the end of the top line
of your error message was never \def'ed. If you have
misspelled it (e.g., `\hobx'), type `I' and the correct
spelling (e.g., `I\hbox'). Otherwise just continue,
and I'll forget about whatever was undefined.

./OpenCV 2 Report.tex:440: Undefined control sequence.
l.440 ...he tennis ball: 1, 2, 3, 4, 5...\n\npress
                                                   esc to quit\n\n----------...
The control sequence at the end of the top line
of your error message was never \def'ed. If you have
misspelled it (e.g., `\hobx'), type `I' and the correct
spelling (e.g., `I\hbox'). Otherwise just continue,
and I'll forget about whatever was undefined.

./OpenCV 2 Report.tex:440: Undefined control sequence.
l.440 ...: 1, 2, 3, 4, 5...\n\npress esc to quit\n
                                                  \n------------------------...
The control sequence at the end of the top line
of your error message was never \def'ed. If you have
misspelled it (e.g., `\hobx'), type `I' and the correct
spelling (e.g., `I\hbox'). Otherwise just continue,
and I'll forget about whatever was undefined.

./OpenCV 2 Report.tex:440: Undefined control sequence.
l.440 ...1, 2, 3, 4, 5...\n\npress esc to quit\n\n
                                                  --------------------------...
The control sequence at the end of the top line
of your error message was never \def'ed. If you have
misspelled it (e.g., `\hobx'), type `I' and the correct
spelling (e.g., `I\hbox'). Otherwise just continue,
and I'll forget about whatever was undefined.

./OpenCV 2 Report.tex:440: Undefined control sequence.
l.440 ...---------------------------------------\n
                                                  " << endl;
The control sequence at the end of the top line
of your error message was never \def'ed. If you have
misspelled it (e.g., `\hobx'), type `I' and the correct
spelling (e.g., `I\hbox'). Otherwise just continue,
and I'll forget about whatever was undefined.

./OpenCV 2 Report.tex:442: Missing $ inserted.
<inserted text> 
                $
l.442 		namedWindow("User Select", CV_
                                      WINDOW_AUTOSIZE);
I've inserted a begin-math/end-math symbol since I think
you left one out. Proceed, with fingers crossed.

./OpenCV 2 Report.tex:472: Extra }, or forgotten $.
l.472 	}
        
I've deleted a group-closing symbol because it seems to be
spurious, as in `$x}$'. But perhaps the } is legitimate and
you forgot something else, as in `\hbox{$x}'. In such cases
the way to recover is to insert both the forgotten and the
deleted material, e.g., by typing `I$}'.

./OpenCV 2 Report.tex:474: Extra }, or forgotten $.
l.474 }
       
I've deleted a group-closing symbol because it seems to be
spurious, as in `$x}$'. But perhaps the } is legitimate and
you forgot something else, as in `\hbox{$x}'. In such cases
the way to recover is to insert both the forgotten and the
deleted material, e.g., by typing `I$}'.

./OpenCV 2 Report.tex:475: Missing $ inserted.
<inserted text> 
                $
l.475 
      
I've inserted a begin-math/end-math symbol since I think
you left one out. Proceed, with fingers crossed.


Overfull \hbox (1597.85254pt too wide) in paragraph at lines 439--475
\OT1/cmr/m/n/10 CV$[]\OML/cmm/m/it/10 INDOW[]UTOSIZE\OT1/cmr/m/n/10 ); \OML/cmm/m/it/10 switch\OT1/cmr/m/n/10 (\OML/cmm/m/it/10 waitKey\OT1/cmr/m/n/10 (0))[]\OML/cmm/m/it/10 return\OT1/cmr/m/n/10 0;$ 
 []

./OpenCV 2 Report.tex:511: Missing $ inserted.
<inserted text> 
                $
l.511 	cvtColor(image, hsv, COLOR_
                                  BGR2HSV);
I've inserted a begin-math/end-math symbol since I think
you left one out. Proceed, with fingers crossed.

./OpenCV 2 Report.tex:512: Missing $ inserted.
<inserted text> 
                $
l.512 
      
I've inserted a begin-math/end-math symbol since I think
you left one out. Proceed, with fingers crossed.

./OpenCV 2 Report.tex:527: Misplaced alignment tab character &.
l.527 		&
         yHzLo, &yScLo, &yVrLo, &yHzHi, &yScHi, &yVrHi,
I can't figure out why you would want to use a tab mark
here. If you just want an ampersand, the remedy is
simple: Just type `I\&' now. But if some right brace
up above has ended a previous alignment prematurely,
you're probably due for more error messages, and you
might try typing `S' now just to see what is salvageable.

./OpenCV 2 Report.tex:527: Misplaced alignment tab character &.
l.527 		&yHzLo, &
                 yScLo, &yVrLo, &yHzHi, &yScHi, &yVrHi,
I can't figure out why you would want to use a tab mark
here. If you just want an ampersand, the remedy is
simple: Just type `I\&' now. But if some right brace
up above has ended a previous alignment prematurely,
you're probably due for more error messages, and you
might try typing `S' now just to see what is salvageable.

./OpenCV 2 Report.tex:527: Misplaced alignment tab character &.
l.527 		&yHzLo, &yScLo, &
                         yVrLo, &yHzHi, &yScHi, &yVrHi,
I can't figure out why you would want to use a tab mark
here. If you just want an ampersand, the remedy is
simple: Just type `I\&' now. But if some right brace
up above has ended a previous alignment prematurely,
you're probably due for more error messages, and you
might try typing `S' now just to see what is salvageable.

./OpenCV 2 Report.tex:527: Misplaced alignment tab character &.
l.527 		&yHzLo, &yScLo, &yVrLo, &
                                 yHzHi, &yScHi, &yVrHi,
I can't figure out why you would want to use a tab mark
here. If you just want an ampersand, the remedy is
simple: Just type `I\&' now. But if some right brace
up above has ended a previous alignment prematurely,
you're probably due for more error messages, and you
might try typing `S' now just to see what is salvageable.

./OpenCV 2 Report.tex:527: Misplaced alignment tab character &.
l.527 		&yHzLo, &yScLo, &yVrLo, &yHzHi, &
                                         yScHi, &yVrHi,
I can't figure out why you would want to use a tab mark
here. If you just want an ampersand, the remedy is
simple: Just type `I\&' now. But if some right brace
up above has ended a previous alignment prematurely,
you're probably due for more error messages, and you
might try typing `S' now just to see what is salvageable.

./OpenCV 2 Report.tex:527: Misplaced alignment tab character &.
l.527 		&yHzLo, &yScLo, &yVrLo, &yHzHi, &yScHi, &
                                                 yVrHi,
I can't figure out why you would want to use a tab mark
here. If you just want an ampersand, the remedy is
simple: Just type `I\&' now. But if some right brace
up above has ended a previous alignment prematurely,
you're probably due for more error messages, and you
might try typing `S' now just to see what is salvageable.

./OpenCV 2 Report.tex:528: Misplaced alignment tab character &.
l.528 		&
         rHzLo, &RSLow, &rVrLo, &rHzHi, &rScHi, &rVrHi,
I can't figure out why you would want to use a tab mark
here. If you just want an ampersand, the remedy is
simple: Just type `I\&' now. But if some right brace
up above has ended a previous alignment prematurely,
you're probably due for more error messages, and you
might try typing `S' now just to see what is salvageable.

./OpenCV 2 Report.tex:528: Misplaced alignment tab character &.
l.528 		&rHzLo, &
                 RSLow, &rVrLo, &rHzHi, &rScHi, &rVrHi,
I can't figure out why you would want to use a tab mark
here. If you just want an ampersand, the remedy is
simple: Just type `I\&' now. But if some right brace
up above has ended a previous alignment prematurely,
you're probably due for more error messages, and you
might try typing `S' now just to see what is salvageable.

./OpenCV 2 Report.tex:528: Misplaced alignment tab character &.
l.528 		&rHzLo, &RSLow, &
                         rVrLo, &rHzHi, &rScHi, &rVrHi,
I can't figure out why you would want to use a tab mark
here. If you just want an ampersand, the remedy is
simple: Just type `I\&' now. But if some right brace
up above has ended a previous alignment prematurely,
you're probably due for more error messages, and you
might try typing `S' now just to see what is salvageable.

./OpenCV 2 Report.tex:528: Misplaced alignment tab character &.
l.528 		&rHzLo, &RSLow, &rVrLo, &
                                 rHzHi, &rScHi, &rVrHi,
I can't figure out why you would want to use a tab mark
here. If you just want an ampersand, the remedy is
simple: Just type `I\&' now. But if some right brace
up above has ended a previous alignment prematurely,
you're probably due for more error messages, and you
might try typing `S' now just to see what is salvageable.

./OpenCV 2 Report.tex:528: Misplaced alignment tab character &.
l.528 		&rHzLo, &RSLow, &rVrLo, &rHzHi, &
                                         rScHi, &rVrHi,
I can't figure out why you would want to use a tab mark
here. If you just want an ampersand, the remedy is
simple: Just type `I\&' now. But if some right brace
up above has ended a previous alignment prematurely,
you're probably due for more error messages, and you
might try typing `S' now just to see what is salvageable.

./OpenCV 2 Report.tex:528: Misplaced alignment tab character &.
l.528 		&rHzLo, &RSLow, &rVrLo, &rHzHi, &rScHi, &
                                                 rVrHi,
I can't figure out why you would want to use a tab mark
here. If you just want an ampersand, the remedy is
simple: Just type `I\&' now. But if some right brace
up above has ended a previous alignment prematurely,
you're probably due for more error messages, and you
might try typing `S' now just to see what is salvageable.

./OpenCV 2 Report.tex:529: Misplaced alignment tab character &.
l.529 		&
         bHzLo, &BSLow, &bVrLo, &bHzHi, &bScHi, &bVrHi,
I can't figure out why you would want to use a tab mark
here. If you just want an ampersand, the remedy is
simple: Just type `I\&' now. But if some right brace
up above has ended a previous alignment prematurely,
you're probably due for more error messages, and you
might try typing `S' now just to see what is salvageable.

./OpenCV 2 Report.tex:529: Misplaced alignment tab character &.
l.529 		&bHzLo, &
                 BSLow, &bVrLo, &bHzHi, &bScHi, &bVrHi,
I can't figure out why you would want to use a tab mark
here. If you just want an ampersand, the remedy is
simple: Just type `I\&' now. But if some right brace
up above has ended a previous alignment prematurely,
you're probably due for more error messages, and you
might try typing `S' now just to see what is salvageable.

./OpenCV 2 Report.tex:529: Misplaced alignment tab character &.
l.529 		&bHzLo, &BSLow, &
                         bVrLo, &bHzHi, &bScHi, &bVrHi,
I can't figure out why you would want to use a tab mark
here. If you just want an ampersand, the remedy is
simple: Just type `I\&' now. But if some right brace
up above has ended a previous alignment prematurely,
you're probably due for more error messages, and you
might try typing `S' now just to see what is salvageable.

./OpenCV 2 Report.tex:529: Misplaced alignment tab character &.
l.529 		&bHzLo, &BSLow, &bVrLo, &
                                 bHzHi, &bScHi, &bVrHi,
I can't figure out why you would want to use a tab mark
here. If you just want an ampersand, the remedy is
simple: Just type `I\&' now. But if some right brace
up above has ended a previous alignment prematurely,
you're probably due for more error messages, and you
might try typing `S' now just to see what is salvageable.

./OpenCV 2 Report.tex:529: Misplaced alignment tab character &.
l.529 		&bHzLo, &BSLow, &bVrLo, &bHzHi, &
                                         bScHi, &bVrHi,
I can't figure out why you would want to use a tab mark
here. If you just want an ampersand, the remedy is
simple: Just type `I\&' now. But if some right brace
up above has ended a previous alignment prematurely,
you're probably due for more error messages, and you
might try typing `S' now just to see what is salvageable.

./OpenCV 2 Report.tex:529: Misplaced alignment tab character &.
l.529 		&bHzLo, &BSLow, &bVrLo, &bHzHi, &bScHi, &
                                                 bVrHi,
I can't figure out why you would want to use a tab mark
here. If you just want an ampersand, the remedy is
simple: Just type `I\&' now. But if some right brace
up above has ended a previous alignment prematurely,
you're probably due for more error messages, and you
might try typing `S' now just to see what is salvageable.

./OpenCV 2 Report.tex:530: Misplaced alignment tab character &.
l.530 		&
         roiXmin, &roiXmax, &roiYmin, &roiYmax,
I can't figure out why you would want to use a tab mark
here. If you just want an ampersand, the remedy is
simple: Just type `I\&' now. But if some right brace
up above has ended a previous alignment prematurely,
you're probably due for more error messages, and you
might try typing `S' now just to see what is salvageable.

./OpenCV 2 Report.tex:530: Misplaced alignment tab character &.
l.530 		&roiXmin, &
                   roiXmax, &roiYmin, &roiYmax,
I can't figure out why you would want to use a tab mark
here. If you just want an ampersand, the remedy is
simple: Just type `I\&' now. But if some right brace
up above has ended a previous alignment prematurely,
you're probably due for more error messages, and you
might try typing `S' now just to see what is salvageable.

./OpenCV 2 Report.tex:530: Misplaced alignment tab character &.
l.530 		&roiXmin, &roiXmax, &
                             roiYmin, &roiYmax,
I can't figure out why you would want to use a tab mark
here. If you just want an ampersand, the remedy is
simple: Just type `I\&' now. But if some right brace
up above has ended a previous alignment prematurely,
you're probably due for more error messages, and you
might try typing `S' now just to see what is salvageable.

./OpenCV 2 Report.tex:530: Misplaced alignment tab character &.
l.530 		&roiXmin, &roiXmax, &roiYmin, &
                                       roiYmax,
I can't figure out why you would want to use a tab mark
here. If you just want an ampersand, the remedy is
simple: Just type `I\&' now. But if some right brace
up above has ended a previous alignment prematurely,
you're probably due for more error messages, and you
might try typing `S' now just to see what is salvageable.

./OpenCV 2 Report.tex:531: Misplaced alignment tab character &.
l.531 		&
         r1, &r2, &r3, &b1, &b2, &b3, &y1, &y2, &y3,
I can't figure out why you would want to use a tab mark
here. If you just want an ampersand, the remedy is
simple: Just type `I\&' now. But if some right brace
up above has ended a previous alignment prematurely,
you're probably due for more error messages, and you
might try typing `S' now just to see what is salvageable.

./OpenCV 2 Report.tex:531: Misplaced alignment tab character &.
l.531 		&r1, &
              r2, &r3, &b1, &b2, &b3, &y1, &y2, &y3,
I can't figure out why you would want to use a tab mark
here. If you just want an ampersand, the remedy is
simple: Just type `I\&' now. But if some right brace
up above has ended a previous alignment prematurely,
you're probably due for more error messages, and you
might try typing `S' now just to see what is salvageable.

./OpenCV 2 Report.tex:531: Misplaced alignment tab character &.
l.531 		&r1, &r2, &
                   r3, &b1, &b2, &b3, &y1, &y2, &y3,
I can't figure out why you would want to use a tab mark
here. If you just want an ampersand, the remedy is
simple: Just type `I\&' now. But if some right brace
up above has ended a previous alignment prematurely,
you're probably due for more error messages, and you
might try typing `S' now just to see what is salvageable.

./OpenCV 2 Report.tex:531: Misplaced alignment tab character &.
l.531 		&r1, &r2, &r3, &
                        b1, &b2, &b3, &y1, &y2, &y3,
I can't figure out why you would want to use a tab mark
here. If you just want an ampersand, the remedy is
simple: Just type `I\&' now. But if some right brace
up above has ended a previous alignment prematurely,
you're probably due for more error messages, and you
might try typing `S' now just to see what is salvageable.

./OpenCV 2 Report.tex:531: Misplaced alignment tab character &.
l.531 		&r1, &r2, &r3, &b1, &
                             b2, &b3, &y1, &y2, &y3,
I can't figure out why you would want to use a tab mark
here. If you just want an ampersand, the remedy is
simple: Just type `I\&' now. But if some right brace
up above has ended a previous alignment prematurely,
you're probably due for more error messages, and you
might try typing `S' now just to see what is salvageable.

./OpenCV 2 Report.tex:531: Misplaced alignment tab character &.
l.531 		&r1, &r2, &r3, &b1, &b2, &
                                  b3, &y1, &y2, &y3,
I can't figure out why you would want to use a tab mark
here. If you just want an ampersand, the remedy is
simple: Just type `I\&' now. But if some right brace
up above has ended a previous alignment prematurely,
you're probably due for more error messages, and you
might try typing `S' now just to see what is salvageable.

./OpenCV 2 Report.tex:531: Misplaced alignment tab character &.
l.531 		&r1, &r2, &r3, &b1, &b2, &b3, &
                                       y1, &y2, &y3,
I can't figure out why you would want to use a tab mark
here. If you just want an ampersand, the remedy is
simple: Just type `I\&' now. But if some right brace
up above has ended a previous alignment prematurely,
you're probably due for more error messages, and you
might try typing `S' now just to see what is salvageable.

./OpenCV 2 Report.tex:531: Misplaced alignment tab character &.
l.531 		&r1, &r2, &r3, &b1, &b2, &b3, &y1, &
                                            y2, &y3,
I can't figure out why you would want to use a tab mark
here. If you just want an ampersand, the remedy is
simple: Just type `I\&' now. But if some right brace
up above has ended a previous alignment prematurely,
you're probably due for more error messages, and you
might try typing `S' now just to see what is salvageable.

./OpenCV 2 Report.tex:531: Misplaced alignment tab character &.
l.531 		&r1, &r2, &r3, &b1, &b2, &b3, &y1, &y2, &
                                                 y3,
I can't figure out why you would want to use a tab mark
here. If you just want an ampersand, the remedy is
simple: Just type `I\&' now. But if some right brace
up above has ended a previous alignment prematurely,
you're probably due for more error messages, and you
might try typing `S' now just to see what is salvageable.

./OpenCV 2 Report.tex:532: Misplaced alignment tab character &.
l.532 		&
         hThres, &lThres, &dis, &minRad, &maxRad
I can't figure out why you would want to use a tab mark
here. If you just want an ampersand, the remedy is
simple: Just type `I\&' now. But if some right brace
up above has ended a previous alignment prematurely,
you're probably due for more error messages, and you
might try typing `S' now just to see what is salvageable.

./OpenCV 2 Report.tex:532: Misplaced alignment tab character &.
l.532 		&hThres, &
                  lThres, &dis, &minRad, &maxRad
I can't figure out why you would want to use a tab mark
here. If you just want an ampersand, the remedy is
simple: Just type `I\&' now. But if some right brace
up above has ended a previous alignment prematurely,
you're probably due for more error messages, and you
might try typing `S' now just to see what is salvageable.

./OpenCV 2 Report.tex:532: Misplaced alignment tab character &.
l.532 		&hThres, &lThres, &
                           dis, &minRad, &maxRad
I can't figure out why you would want to use a tab mark
here. If you just want an ampersand, the remedy is
simple: Just type `I\&' now. But if some right brace
up above has ended a previous alignment prematurely,
you're probably due for more error messages, and you
might try typing `S' now just to see what is salvageable.

./OpenCV 2 Report.tex:532: Misplaced alignment tab character &.
l.532 		&hThres, &lThres, &dis, &
                                 minRad, &maxRad
I can't figure out why you would want to use a tab mark
here. If you just want an ampersand, the remedy is
simple: Just type `I\&' now. But if some right brace
up above has ended a previous alignment prematurely,
you're probably due for more error messages, and you
might try typing `S' now just to see what is salvageable.

./OpenCV 2 Report.tex:532: Misplaced alignment tab character &.
l.532 		&hThres, &lThres, &dis, &minRad, &
                                          maxRad
I can't figure out why you would want to use a tab mark
here. If you just want an ampersand, the remedy is
simple: Just type `I\&' now. But if some right brace
up above has ended a previous alignment prematurely,
you're probably due for more error messages, and you
might try typing `S' now just to see what is salvageable.

[12

]
./OpenCV 2 Report.tex:557: Missing $ inserted.
<inserted text> 
                $
l.557 ...s, dilation, getStructuringElement(MORPH_
                                                  ELLIPSE, Size(11, 11)));
I've inserted a begin-math/end-math symbol since I think
you left one out. Proceed, with fingers crossed.

./OpenCV 2 Report.tex:559: Missing $ inserted.
<inserted text> 
                $
l.559 
      
I've inserted a begin-math/end-math symbol since I think
you left one out. Proceed, with fingers crossed.


Overfull \hbox (584.29472pt too wide) in paragraph at lines 556--559
[]\OT1/cmr/m/n/10 // Step 3, Di-la-tion and er-ro-sion used for multi level chan-nel pro-cess-ing di-late(thres, di-la-tion, getStructuringElement(MORPH$[]\OML/cmm/m/it/10 LLIPSE; Size\OT1/cmr/m/n/10 (11\OML/cmm/m/it/10 ; \OT1/cmr/m/n/10 11))); \OML/cmm/m/it/10 erode\OT1/cmr/m/n/10 (\OML/cmm/m/it/10 dilation; errosion; getStructuringElement\OT1/cmr/m/n/10 (\OML/cmm/m/it/10 MORPH[]LLIPSE; Size\OT1/cmr/m/n/10 (3\OML/cmm/m/it/10 ; \OT1/cmr/m/n/10 3)));$ 
 []

./OpenCV 2 Report.tex:585: Missing $ inserted.
<inserted text> 
                $
l.585 	HoughCircles(readyImage, ball, CV_
                                         HOUGH_GRADIENT, 2, dis, hThres, lTh...
I've inserted a begin-math/end-math symbol since I think
you left one out. Proceed, with fingers crossed.

./OpenCV 2 Report.tex:590: Missing $ inserted.
<inserted text> 
                $
l.590 
      
I've inserted a begin-math/end-math symbol since I think
you left one out. Proceed, with fingers crossed.

./OpenCV 2 Report.tex:590: Missing } inserted.
<inserted text> 
                }
l.590 
      
I've inserted something that you may have forgotten.
(See the <inserted text> above.)
With luck, this will get me unwedged. But if you
really didn't forget anything, try typing `2' now; then
my insertion and my current dilemma will both disappear.


Overfull \hbox (280.0714pt too wide) in paragraph at lines 583--590
\OT1/cmr/m/n/10 Blob func-tion how-ever this method gave bet-ter re-sults Hough-Cir-cles(readyImage, ball, CV$[]\OML/cmm/m/it/10 OUGH[]RADIENT; \OT1/cmr/m/n/10 2\OML/cmm/m/it/10 ; dis; hThres; lThres; minRad; maxRad\OT1/cmr/m/n/10 ); \OML/cmm/m/it/10 for\OT1/cmr/m/n/10 (\OML/cmm/m/it/10 size[]k \OT1/cmr/m/n/10 =
 []


Overfull \hbox (181.10707pt too wide) in paragraph at lines 583--590
\OT1/cmr/m/n/10 0; \OML/cmm/m/it/10 k < ball:size\OT1/cmr/m/n/10 (); \OML/cmm/m/it/10 k \OT1/cmr/m/n/10 + +)[]$ 
 []

./OpenCV 2 Report.tex:592: Misplaced alignment tab character &.
l.592 		if ((roiXmin < x) &
                           & (x < roiXmax) && (roiYmin < y) && (y < roiYmax)) {
I can't figure out why you would want to use a tab mark
here. If you just want an ampersand, the remedy is
simple: Just type `I\&' now. But if some right brace
up above has ended a previous alignment prematurely,
you're probably due for more error messages, and you
might try typing `S' now just to see what is salvageable.

./OpenCV 2 Report.tex:592: Misplaced alignment tab character &.
l.592 		if ((roiXmin < x) &&
                             (x < roiXmax) && (roiYmin < y) && (y < roiYmax)) {
I can't figure out why you would want to use a tab mark
here. If you just want an ampersand, the remedy is
simple: Just type `I\&' now. But if some right brace
up above has ended a previous alignment prematurely,
you're probably due for more error messages, and you
might try typing `S' now just to see what is salvageable.

./OpenCV 2 Report.tex:592: Misplaced alignment tab character &.
l.592 		if ((roiXmin < x) && (x < roiXmax) &
                                            & (roiYmin < y) && (y < roiYmax)) {
I can't figure out why you would want to use a tab mark
here. If you just want an ampersand, the remedy is
simple: Just type `I\&' now. But if some right brace
up above has ended a previous alignment prematurely,
you're probably due for more error messages, and you
might try typing `S' now just to see what is salvageable.

./OpenCV 2 Report.tex:592: Misplaced alignment tab character &.
l.592 		if ((roiXmin < x) && (x < roiXmax) &&
                                              (roiYmin < y) && (y < roiYmax)) {
I can't figure out why you would want to use a tab mark
here. If you just want an ampersand, the remedy is
simple: Just type `I\&' now. But if some right brace
up above has ended a previous alignment prematurely,
you're probably due for more error messages, and you
might try typing `S' now just to see what is salvageable.

./OpenCV 2 Report.tex:592: Misplaced alignment tab character &.
l.592 ... < x) && (x < roiXmax) && (roiYmin < y) &
                                                  & (y < roiYmax)) {
I can't figure out why you would want to use a tab mark
here. If you just want an ampersand, the remedy is
simple: Just type `I\&' now. But if some right brace
up above has ended a previous alignment prematurely,
you're probably due for more error messages, and you
might try typing `S' now just to see what is salvageable.

./OpenCV 2 Report.tex:592: Misplaced alignment tab character &.
l.592 ...< x) && (x < roiXmax) && (roiYmin < y) &&
                                                   (y < roiYmax)) {
I can't figure out why you would want to use a tab mark
here. If you just want an ampersand, the remedy is
simple: Just type `I\&' now. But if some right brace
up above has ended a previous alignment prematurely,
you're probably due for more error messages, and you
might try typing `S' now just to see what is salvageable.

./OpenCV 2 Report.tex:604: Missing $ inserted.
<inserted text> 
                $
l.604 			int font = FONT_
                         HERSHEY_SIMPLEX, thick = 1;
I've inserted a begin-math/end-math symbol since I think
you left one out. Proceed, with fingers crossed.

./OpenCV 2 Report.tex:608: Missing $ inserted.
<inserted text> 
                $
l.608 
      
I've inserted a begin-math/end-math symbol since I think
you left one out. Proceed, with fingers crossed.

./OpenCV 2 Report.tex:610: Misplaced alignment tab character &.
l.610 			if ((meanr.val[0] > b1 &
                                 & meanr.val[1] < b2 && meanr.val[2] < b3)
I can't figure out why you would want to use a tab mark
here. If you just want an ampersand, the remedy is
simple: Just type `I\&' now. But if some right brace
up above has ended a previous alignment prematurely,
you're probably due for more error messages, and you
might try typing `S' now just to see what is salvageable.

./OpenCV 2 Report.tex:610: Misplaced alignment tab character &.
l.610 			if ((meanr.val[0] > b1 &&
                                   meanr.val[1] < b2 && meanr.val[2] < b3)
I can't figure out why you would want to use a tab mark
here. If you just want an ampersand, the remedy is
simple: Just type `I\&' now. But if some right brace
up above has ended a previous alignment prematurely,
you're probably due for more error messages, and you
might try typing `S' now just to see what is salvageable.

./OpenCV 2 Report.tex:610: Misplaced alignment tab character &.
l.610 ...(meanr.val[0] > b1 && meanr.val[1] < b2 &
                                                  & meanr.val[2] < b3)
I can't figure out why you would want to use a tab mark
here. If you just want an ampersand, the remedy is
simple: Just type `I\&' now. But if some right brace
up above has ended a previous alignment prematurely,
you're probably due for more error messages, and you
might try typing `S' now just to see what is salvageable.

./OpenCV 2 Report.tex:610: Misplaced alignment tab character &.
l.610 ...meanr.val[0] > b1 && meanr.val[1] < b2 &&
                                                   meanr.val[2] < b3)
I can't figure out why you would want to use a tab mark
here. If you just want an ampersand, the remedy is
simple: Just type `I\&' now. But if some right brace
up above has ended a previous alignment prematurely,
you're probably due for more error messages, and you
might try typing `S' now just to see what is salvageable.

./OpenCV 2 Report.tex:611: Misplaced alignment tab character &.
l.611 				|| (meanr.val[0] == 1 &
                                 & meanr.val[1] == 252 && meanr.val[2] == 25...
I can't figure out why you would want to use a tab mark
here. If you just want an ampersand, the remedy is
simple: Just type `I\&' now. But if some right brace
up above has ended a previous alignment prematurely,
you're probably due for more error messages, and you
might try typing `S' now just to see what is salvageable.

./OpenCV 2 Report.tex:611: Misplaced alignment tab character &.
l.611 				|| (meanr.val[0] == 1 &&
                                   meanr.val[1] == 252 && meanr.val[2] == 25...
I can't figure out why you would want to use a tab mark
here. If you just want an ampersand, the remedy is
simple: Just type `I\&' now. But if some right brace
up above has ended a previous alignment prematurely,
you're probably due for more error messages, and you
might try typing `S' now just to see what is salvageable.

./OpenCV 2 Report.tex:611: Misplaced alignment tab character &.
l.611 ...eanr.val[0] == 1 && meanr.val[1] == 252 &
                                                  & meanr.val[2] == 251)) {
I can't figure out why you would want to use a tab mark
here. If you just want an ampersand, the remedy is
simple: Just type `I\&' now. But if some right brace
up above has ended a previous alignment prematurely,
you're probably due for more error messages, and you
might try typing `S' now just to see what is salvageable.

./OpenCV 2 Report.tex:611: Misplaced alignment tab character &.
l.611 ...anr.val[0] == 1 && meanr.val[1] == 252 &&
                                                   meanr.val[2] == 251)) {
I can't figure out why you would want to use a tab mark
here. If you just want an ampersand, the remedy is
simple: Just type `I\&' now. But if some right brace
up above has ended a previous alignment prematurely,
you're probably due for more error messages, and you
might try typing `S' now just to see what is salvageable.

./OpenCV 2 Report.tex:619: Misplaced alignment tab character &.
l.619 			if (meanr.val[0] < y1 &
                                & meanr.val[1] > y2 && meanr.val[2] > y3
I can't figure out why you would want to use a tab mark
here. If you just want an ampersand, the remedy is
simple: Just type `I\&' now. But if some right brace
up above has ended a previous alignment prematurely,
you're probably due for more error messages, and you
might try typing `S' now just to see what is salvageable.

./OpenCV 2 Report.tex:619: Misplaced alignment tab character &.
l.619 			if (meanr.val[0] < y1 &&
                                  meanr.val[1] > y2 && meanr.val[2] > y3
I can't figure out why you would want to use a tab mark
here. If you just want an ampersand, the remedy is
simple: Just type `I\&' now. But if some right brace
up above has ended a previous alignment prematurely,
you're probably due for more error messages, and you
might try typing `S' now just to see what is salvageable.

./OpenCV 2 Report.tex:619: Misplaced alignment tab character &.
l.619 ...(meanr.val[0] < y1 && meanr.val[1] > y2 &
                                                  & meanr.val[2] > y3
I can't figure out why you would want to use a tab mark
here. If you just want an ampersand, the remedy is
simple: Just type `I\&' now. But if some right brace
up above has ended a previous alignment prematurely,
you're probably due for more error messages, and you
might try typing `S' now just to see what is salvageable.

./OpenCV 2 Report.tex:619: Misplaced alignment tab character &.
l.619 ...meanr.val[0] < y1 && meanr.val[1] > y2 &&
                                                   meanr.val[2] > y3
I can't figure out why you would want to use a tab mark
here. If you just want an ampersand, the remedy is
simple: Just type `I\&' now. But if some right brace
up above has ended a previous alignment prematurely,
you're probably due for more error messages, and you
might try typing `S' now just to see what is salvageable.

./OpenCV 2 Report.tex:620: Misplaced alignment tab character &.
l.620 				&
           & (meanr.val[0] != 1 && meanr.val[1] != 252 && meanr.val[2] != 25...
I can't figure out why you would want to use a tab mark
here. If you just want an ampersand, the remedy is
simple: Just type `I\&' now. But if some right brace
up above has ended a previous alignment prematurely,
you're probably due for more error messages, and you
might try typing `S' now just to see what is salvageable.

./OpenCV 2 Report.tex:620: Misplaced alignment tab character &.
l.620 				&&
             (meanr.val[0] != 1 && meanr.val[1] != 252 && meanr.val[2] != 25...
I can't figure out why you would want to use a tab mark
here. If you just want an ampersand, the remedy is
simple: Just type `I\&' now. But if some right brace
up above has ended a previous alignment prematurely,
you're probably due for more error messages, and you
might try typing `S' now just to see what is salvageable.

./OpenCV 2 Report.tex:620: Misplaced alignment tab character &.
l.620 				&& (meanr.val[0] != 1 &
                                 & meanr.val[1] != 252 && meanr.val[2] != 25...
I can't figure out why you would want to use a tab mark
here. If you just want an ampersand, the remedy is
simple: Just type `I\&' now. But if some right brace
up above has ended a previous alignment prematurely,
you're probably due for more error messages, and you
might try typing `S' now just to see what is salvageable.

./OpenCV 2 Report.tex:620: Misplaced alignment tab character &.
l.620 				&& (meanr.val[0] != 1 &&
                                   meanr.val[1] != 252 && meanr.val[2] != 25...
I can't figure out why you would want to use a tab mark
here. If you just want an ampersand, the remedy is
simple: Just type `I\&' now. But if some right brace
up above has ended a previous alignment prematurely,
you're probably due for more error messages, and you
might try typing `S' now just to see what is salvageable.

./OpenCV 2 Report.tex:620: Misplaced alignment tab character &.
l.620 ...eanr.val[0] != 1 && meanr.val[1] != 252 &
                                                  & meanr.val[2] != 251)) {
I can't figure out why you would want to use a tab mark
here. If you just want an ampersand, the remedy is
simple: Just type `I\&' now. But if some right brace
up above has ended a previous alignment prematurely,
you're probably due for more error messages, and you
might try typing `S' now just to see what is salvageable.

./OpenCV 2 Report.tex:620: Misplaced alignment tab character &.
l.620 ...anr.val[0] != 1 && meanr.val[1] != 252 &&
                                                   meanr.val[2] != 251)) {
I can't figure out why you would want to use a tab mark
here. If you just want an ampersand, the remedy is
simple: Just type `I\&' now. But if some right brace
up above has ended a previous alignment prematurely,
you're probably due for more error messages, and you
might try typing `S' now just to see what is salvageable.

./OpenCV 2 Report.tex:628: Misplaced alignment tab character &.
l.628 			if (meanr.val[0] < r1 &
                                & meanr.val[1] < r2 && meanr.val[2] > r3) {
I can't figure out why you would want to use a tab mark
here. If you just want an ampersand, the remedy is
simple: Just type `I\&' now. But if some right brace
up above has ended a previous alignment prematurely,
you're probably due for more error messages, and you
might try typing `S' now just to see what is salvageable.

./OpenCV 2 Report.tex:628: Misplaced alignment tab character &.
l.628 			if (meanr.val[0] < r1 &&
                                  meanr.val[1] < r2 && meanr.val[2] > r3) {
I can't figure out why you would want to use a tab mark
here. If you just want an ampersand, the remedy is
simple: Just type `I\&' now. But if some right brace
up above has ended a previous alignment prematurely,
you're probably due for more error messages, and you
might try typing `S' now just to see what is salvageable.

./OpenCV 2 Report.tex:628: Misplaced alignment tab character &.
l.628 ...(meanr.val[0] < r1 && meanr.val[1] < r2 &
                                                  & meanr.val[2] > r3) {
I can't figure out why you would want to use a tab mark
here. If you just want an ampersand, the remedy is
simple: Just type `I\&' now. But if some right brace
up above has ended a previous alignment prematurely,
you're probably due for more error messages, and you
might try typing `S' now just to see what is salvageable.

./OpenCV 2 Report.tex:628: Misplaced alignment tab character &.
l.628 ...meanr.val[0] < r1 && meanr.val[1] < r2 &&
                                                   meanr.val[2] > r3) {
I can't figure out why you would want to use a tab mark
here. If you just want an ampersand, the remedy is
simple: Just type `I\&' now. But if some right brace
up above has ended a previous alignment prematurely,
you're probably due for more error messages, and you
might try typing `S' now just to see what is salvageable.

./OpenCV 2 Report.tex:638: Undefined control sequence.
l.638 ...lls found with their respected colours!\n
                                                  \npress any key to go back...
The control sequence at the end of the top line
of your error message was never \def'ed. If you have
misspelled it (e.g., `\hobx'), type `I' and the correct
spelling (e.g., `I\hbox'). Otherwise just continue,
and I'll forget about whatever was undefined.

./OpenCV 2 Report.tex:638: Undefined control sequence.
l.638 ...nd with their respected colours!\n\npress
                                                   any key to go back to mai...
The control sequence at the end of the top line
of your error message was never \def'ed. If you have
misspelled it (e.g., `\hobx'), type `I' and the correct
spelling (e.g., `I\hbox'). Otherwise just continue,
and I'll forget about whatever was undefined.

./OpenCV 2 Report.tex:638: Undefined control sequence.
l.638 ... to main menu, or hit esc twice to quit\n
                                                  \n------------------------...
The control sequence at the end of the top line
of your error message was never \def'ed. If you have
misspelled it (e.g., `\hobx'), type `I' and the correct
spelling (e.g., `I\hbox'). Otherwise just continue,
and I'll forget about whatever was undefined.

./OpenCV 2 Report.tex:638: Undefined control sequence.
l.638 ...o main menu, or hit esc twice to quit\n\n
                                                  --------------------------...
The control sequence at the end of the top line
of your error message was never \def'ed. If you have
misspelled it (e.g., `\hobx'), type `I' and the correct
spelling (e.g., `I\hbox'). Otherwise just continue,
and I'll forget about whatever was undefined.

./OpenCV 2 Report.tex:638: Undefined control sequence.
l.638 ...---------------------------------------\n
                                                  " << endl;
The control sequence at the end of the top line
of your error message was never \def'ed. If you have
misspelled it (e.g., `\hobx'), type `I' and the correct
spelling (e.g., `I\hbox'). Otherwise just continue,
and I'll forget about whatever was undefined.


./OpenCV 2 Report.tex:647: Undefined control sequence.
\lstlisting ->\def \lstenv@name 
                                {lstlisting}\begingroup \lst@setcatcodes \ca...
l.647 \end{lstlisting}
                      
The control sequence at the end of the top line
of your error message was never \def'ed. If you have
misspelled it (e.g., `\hobx'), type `I' and the correct
spelling (e.g., `I\hbox'). Otherwise just continue,
and I'll forget about whatever was undefined.

./OpenCV 2 Report.tex:647: Package Listings Error: Extra \endlstlisting.

See the Listings package documentation for explanation.
Type  H <return>  for immediate help.
 ...                                              
                                                  
l.647 \end{lstlisting}
                      
I'm ignoring this, since I wasn't doing a \def {lstlisting}\begingroup \catcode `\spacefactor \@m {}11\relax \catcode `\==12\relax \catcode \active =\active \lstlisting@.


./OpenCV 2 Report.tex:647: LaTeX Error: \begin{document} ended by \end{lstlisting}.

See the LaTeX manual or LaTeX Companion for explanation.
Type  H <return>  for immediate help.
 ...                                              
                                                  
l.647 \end{lstlisting}
                      
Your command was ignored.
Type  I <command> <return>  to replace it with another command,
or  <return>  to continue without it.

./OpenCV 2 Report.tex:647: Missing } inserted.
<inserted text> 
                }
l.647 \end{lstlisting}
                      
I've inserted something that you may have forgotten.
(See the <inserted text> above.)
With luck, this will get me unwedged. But if you
really didn't forget anything, try typing `2' now; then
my insertion and my current dilemma will both disappear.

./OpenCV 2 Report.tex:647: Extra \endgroup.
<recently read> \endgroup 
                          
l.647 \end{lstlisting}
                      
Things are pretty mixed up, but I think the worst is over.


Overfull \hbox (2.32011pt too wide) in paragraph at lines 609--648
[]\OT1/cmr/m/n/10 int ra-dius = int(ball[k][2]); if ((meanr.val[0] > b1  meanr.val[1] < b2  meanr.val[2] < b3) || (meanr.val[0]
 []

[13] (/Users/FLCL/Documents/University 2017/Robotics-and-Automation/OpenCV/Assignment 2/Latex/.texpadtmp/OpenCV 2 Report.aux) ) 
Here is how much of TeX's memory you used:
 5137 strings out of 493014
 75297 string characters out of 6133351
 322848 words of memory out of 5000000
 8587 multiletter control sequences out of 15000+600000
 9490 words of font info for 34 fonts, out of 8000000 for 9000
 1141 hyphenation exceptions out of 8191
 38i,11n,60p,1062b,1276s stack positions out of 5000i,500n,10000p,200000b,80000s
</usr/local/texlive/2016/texmf-dist/fonts/type1/public/amsfonts/cm/cmbx10.pfb></usr/local/texlive/2016/texmf-dist/fonts/type1/public/amsfonts/cm/cmbx12.pfb></usr/local/texlive/2016/texmf-dist/fonts/type1/public/amsfonts/cm/cmbx9.pfb></usr/local/texlive/2016/texmf-dist/fonts/type1/public/amsfonts/cm/cmmi10.pfb></usr/local/texlive/2016/texmf-dist/fonts/type1/public/amsfonts/cm/cmmi7.pfb></usr/local/texlive/2016/texmf-dist/fonts/type1/public/amsfonts/cm/cmr10.pfb></usr/local/texlive/2016/texmf-dist/fonts/type1/public/amsfonts/cm/cmr12.pfb></usr/local/texlive/2016/texmf-dist/fonts/type1/public/amsfonts/cm/cmr8.pfb></usr/local/texlive/2016/texmf-dist/fonts/type1/public/amsfonts/cm/cmr9.pfb></usr/local/texlive/2016/texmf-dist/fonts/type1/public/amsfonts/cm/cmsy10.pfb></usr/local/texlive/2016/texmf-dist/fonts/type1/public/amsfonts/cm/cmsy6.pfb></usr/local/texlive/2016/texmf-dist/fonts/type1/public/amsfonts/cm/cmsy8.pfb></usr/local/texlive/2016/texmf-dist/fonts/type1/public/amsfonts/cm/cmti10.pfb></usr/local/texlive/2016/texmf-dist/fonts/type1/public/amsfonts/cm/cmtt9.pfb>
Output written on "/Users/FLCL/Documents/University 2017/Robotics-and-Automation/OpenCV/Assignment 2/Latex/.texpadtmp/OpenCV 2 Report.pdf" (15 pages, 1018630 bytes).
PDF statistics:
 117 PDF objects out of 1000 (max. 8388607)
 77 compressed objects within 1 object stream
 0 named destinations out of 1000 (max. 500000)
 41 words of extra memory for PDF output out of 10000 (max. 10000000)

